<?xml version="1.0" encoding="UTF-8"?>
<!-- Generated by org.testng.reporters.JUnitReportReporter -->
<testsuite skipped="1" hostname="WIN-5OQ2EV0JTJS" name="ExtendReportsMaven.ExtendReportsMaven.AppTest" tests="1" failures="0" timestamp="10 Aug 2017 21:21:18 GMT" time="0.000" errors="0">
  <testcase name="testApp" time="0.000" classname="ExtendReportsMaven.ExtendReportsMaven.AppTest">
    <skipped/>
  </testcase> <!-- testApp -->
</testsuite> <!-- ExtendReportsMaven.ExtendReportsMaven.AppTest -->
