<?xml version="1.0" encoding="UTF-8"?>
<!-- Generated by org.testng.reporters.JUnitReportReporter -->
<testsuite skipped="2" hostname="MacBook-Pro-de-Leonardo.local" name="com.lisyx.extendreports.ExtendReportsTwoFirefox" tests="2" failures="0" timestamp="29 jun 2017 22:09:51 GMT" time="0.000" errors="0">
  <testcase name="CotizadorTest2" time="0.000" classname="com.lisyx.extendreports.ExtendReportsTwoFirefox">
    <skipped/>
  </testcase> <!-- CotizadorTest2 -->
  <testcase name="CotizadorTest" time="0.000" classname="com.lisyx.extendreports.ExtendReportsTwoFirefox">
    <skipped/>
  </testcase> <!-- CotizadorTest -->
</testsuite> <!-- com.lisyx.extendreports.ExtendReportsTwoFirefox -->
