<?xml version="1.0" encoding="UTF-8"?>
<!-- Generated by org.testng.reporters.JUnitReportReporter -->
<testsuite skipped="1" hostname="MacBook-Pro-de-Leonardo.local" name="com.lisyx.extendreports.ExtendReports" tests="1" failures="0" timestamp="29 jun 2017 22:10:06 GMT" time="0.000" errors="0">
  <testcase name="CotizadorTest" time="0.000" classname="com.lisyx.extendreports.ExtendReports">
    <skipped/>
  </testcase> <!-- CotizadorTest -->
</testsuite> <!-- com.lisyx.extendreports.ExtendReports -->
