<?xml version="1.0" encoding="UTF-8"?>
<!-- Generated by org.testng.reporters.JUnitReportReporter -->
<testsuite skipped="1" hostname="MacBook-Pro-de-Leonardo.local" name="com.lisyx.extendreports.ExtendReportsTwoPc" tests="1" failures="0" timestamp="29 jun 2017 22:10:01 GMT" time="0.001" errors="0">
  <testcase name="passTest" time="0.001" classname="com.lisyx.extendreports.ExtendReportsTwoPc">
    <skipped/>
  </testcase> <!-- passTest -->
</testsuite> <!-- com.lisyx.extendreports.ExtendReportsTwoPc -->
